Epoch 1000 average dice:  [ 0.934  0.     0.168  0.     0.     0.     0.     0.   ] dicemean: 0.024 average jaccard:  [ 0.877  0.     0.093  0.     0.     0.     0.     0.   ] jaccardmean: 0.0132857142857
Epoch 2000 average dice:  [ 0.945  0.249  0.385  0.188  0.     0.     0.31   0.   ] dicemean: 0.161714285714 average jaccard:  [ 0.896  0.144  0.241  0.106  0.     0.     0.198  0.   ] jaccardmean: 0.0984285714286
Epoch 3000 average dice:  [ 0.935  0.43   0.387  0.202  0.198  0.202  0.407  0.283] dicemean: 0.301285714286 average jaccard:  [ 0.878  0.278  0.244  0.117  0.112  0.118  0.273  0.172] jaccardmean: 0.187714285714
Epoch 4000 average dice:  [ 0.934  0.464  0.498  0.482  0.243  0.309  0.355  0.39 ] dicemean: 0.391571428571 average jaccard:  [ 0.876  0.309  0.338  0.322  0.142  0.19   0.228  0.249] jaccardmean: 0.254
Epoch 5000 average dice:  [ 0.975  0.693  0.653  0.739  0.503  0.582  0.702  0.527] dicemean: 0.628428571429 average jaccard:  [ 0.952  0.536  0.499  0.598  0.34   0.42   0.55   0.384] jaccardmean: 0.475285714286
Epoch 6000 average dice:  [ 0.982  0.776  0.681  0.813  0.65   0.685  0.839  0.61 ] dicemean: 0.722 average jaccard:  [ 0.965  0.638  0.522  0.697  0.488  0.547  0.732  0.457] jaccardmean: 0.583
Epoch 7000 average dice:  [ 0.985  0.773  0.789  0.877  0.758  0.784  0.857  0.685] dicemean: 0.789 average jaccard:  [ 0.971  0.635  0.655  0.784  0.619  0.652  0.752  0.528] jaccardmean: 0.660714285714
Epoch 8000 average dice:  [ 0.988  0.803  0.828  0.877  0.792  0.799  0.895  0.731] dicemean: 0.817857142857 average jaccard:  [ 0.977  0.676  0.711  0.789  0.669  0.676  0.815  0.582] jaccardmean: 0.702571428571
Epoch 9000 average dice:  [ 0.988  0.754  0.871  0.869  0.767  0.821  0.907  0.807] dicemean: 0.828 average jaccard:  [ 0.977  0.613  0.775  0.771  0.63   0.704  0.833  0.681] jaccardmean: 0.715285714286
Epoch 10000 average dice:  [ 0.988  0.798  0.823  0.845  0.776  0.789  0.89   0.784] dicemean: 0.815 average jaccard:  [ 0.977  0.671  0.704  0.74   0.655  0.671  0.804  0.654] jaccardmean: 0.699857142857
Epoch 11000 average dice:  [ 0.99   0.758  0.836  0.886  0.822  0.797  0.923  0.786] dicemean: 0.829714285714 average jaccard:  [ 0.979  0.616  0.723  0.799  0.714  0.67   0.858  0.657] jaccardmean: 0.719571428571
Epoch 12000 average dice:  [ 0.989  0.795  0.847  0.893  0.765  0.819  0.922  0.776] dicemean: 0.831 average jaccard:  [ 0.977  0.663  0.738  0.812  0.628  0.699  0.858  0.64 ] jaccardmean: 0.719714285714
Epoch 13000 average dice:  [ 0.989  0.804  0.87   0.903  0.804  0.85   0.916  0.785] dicemean: 0.847428571429 average jaccard:  [ 0.979  0.679  0.775  0.829  0.682  0.745  0.851  0.655] jaccardmean: 0.745142857143
Epoch 14000 average dice:  [ 0.991  0.841  0.875  0.904  0.831  0.849  0.948  0.782] dicemean: 0.861428571429 average jaccard:  [ 0.983  0.729  0.781  0.828  0.721  0.744  0.901  0.649] jaccardmean: 0.764714285714
Epoch 15000 average dice:  [ 0.991  0.847  0.891  0.898  0.843  0.859  0.921  0.826] dicemean: 0.869285714286 average jaccard:  [ 0.983  0.74   0.809  0.823  0.737  0.763  0.858  0.711] jaccardmean: 0.777285714286
Epoch 16000 average dice:  [ 0.992  0.846  0.864  0.912  0.835  0.859  0.945  0.818] dicemean: 0.868428571429 average jaccard:  [ 0.983  0.737  0.765  0.841  0.733  0.759  0.896  0.702] jaccardmean: 0.776142857143
Epoch 17000 average dice:  [ 0.991  0.847  0.857  0.91   0.835  0.853  0.937  0.806] dicemean: 0.863571428571 average jaccard:  [ 0.983  0.739  0.757  0.836  0.727  0.749  0.883  0.686] jaccardmean: 0.768142857143
Epoch 18000 average dice:  [ 0.989  0.837  0.873  0.927  0.776  0.782  0.865  0.829] dicemean: 0.841285714286 average jaccard:  [ 0.979  0.725  0.779  0.867  0.639  0.657  0.772  0.715] jaccardmean: 0.736285714286
Epoch 19000 average dice:  [ 0.992  0.848  0.892  0.932  0.836  0.861  0.949  0.826] dicemean: 0.877714285714 average jaccard:  [ 0.984  0.74   0.807  0.875  0.731  0.761  0.904  0.715] jaccardmean: 0.790428571429
Epoch 20000 average dice:  [ 0.992  0.864  0.907  0.933  0.835  0.858  0.922  0.842] dicemean: 0.880142857143 average jaccard:  [ 0.984  0.765  0.832  0.876  0.726  0.755  0.86   0.734] jaccardmean: 0.792571428571
Epoch 21000 average dice:  [ 0.989  0.837  0.763  0.909  0.844  0.836  0.949  0.787] dicemean: 0.846428571429 average jaccard:  [ 0.978  0.725  0.624  0.837  0.742  0.728  0.904  0.656] jaccardmean: 0.745142857143
Epoch 22000 average dice:  [ 0.993  0.848  0.912  0.927  0.855  0.858  0.959  0.852] dicemean: 0.887285714286 average jaccard:  [ 0.986  0.74   0.841  0.866  0.759  0.754  0.922  0.747] jaccardmean: 0.804142857143
Epoch 23000 average dice:  [ 0.993  0.859  0.906  0.919  0.854  0.859  0.951  0.839] dicemean: 0.883857142857 average jaccard:  [ 0.985  0.756  0.831  0.853  0.752  0.757  0.909  0.731] jaccardmean: 0.798428571429
